
*** Running vivado
    with args -log Test_Compteur.vds -m64 -product Vivado -mode batch -messageDb vivado.pb -notrace -source Test_Compteur.tcl


****** Vivado v2023.1 (64-bit)
  **** SW Build 3865809 on Sun May  7 15:04:56 MDT 2023
  **** IP Build 3864474 on Sun May  7 20:36:21 MDT 2023
  **** SharedData Build 3865790 on Sun May 07 13:33:03 MDT 2023
    ** Copyright 1986-2022 Xilinx, Inc. All Rights Reserved.
    ** Copyright 2022-2023 Advanced Micro Devices, Inc. All Rights Reserved.

source Test_Compteur.tcl -notrace
create_project: Time (s): cpu = 00:00:05 ; elapsed = 00:00:06 . Memory (MB): peak = 1335.848 ; gain = 0.023 ; free physical = 54356 ; free virtual = 58210
Command: read_checkpoint -auto_incremental -incremental {/home/froussea/cours_4a/2e semestre/archi mat/counter_8bits/counter_8bits.srcs/utils_1/imports/synth_1/Compteur_8bits.dcp}
INFO: [Vivado 12-5825] Read reference checkpoint from /home/froussea/cours_4a/2e semestre/archi mat/counter_8bits/counter_8bits.srcs/utils_1/imports/synth_1/Compteur_8bits.dcp for incremental synthesis
INFO: [Vivado 12-7989] Please ensure there are no constraint changes
Command: synth_design -top Test_Compteur -part xc7a35tcpg236-1
Starting synth_design
Attempting to get a license for feature 'Synthesis' and/or device 'xc7a35t'
INFO: [Common 17-349] Got license for feature 'Synthesis' and/or device 'xc7a35t'
INFO: [Device 21-403] Loading part xc7a35tcpg236-1
INFO: [Designutils 20-5440] No compile time benefit to using incremental synthesis; A full resynthesis will be run
INFO: [Designutils 20-4379] Flow is switching to default flow due to incremental criteria not met. If you would like to alter this behaviour and have the flow terminate instead, please set the following parameter config_implementation {autoIncr.Synth.RejectBehavior Terminate}
INFO: [Synth 8-7079] Multithreading enabled for synth_design using a maximum of 4 processes.
INFO: [Synth 8-7078] Launching helper process for spawning children vivado processes
INFO: [Synth 8-7075] Helper process launched with PID 24438
---------------------------------------------------------------------------------
Starting RTL Elaboration : Time (s): cpu = 00:00:03 ; elapsed = 00:00:03 . Memory (MB): peak = 2006.750 ; gain = 378.770 ; free physical = 53425 ; free virtual = 57280
---------------------------------------------------------------------------------
INFO: [Synth 8-638] synthesizing module 'Test_Compteur' [/home/froussea/cours_4a/2e semestre/archi mat/counter_8bits/counter_8bits.srcs/sources_1/new/Test_Compteur.vhd:37]
INFO: [Synth 8-3491] module 'Compteur_8bits' declared at '/home/froussea/cours_4a/2e semestre/archi mat/counter_8bits/counter_8bits.srcs/sources_1/new/Compteur_8bits.vhd:36' bound to instance 'Label_uut' of component 'Compteur_8bits' [/home/froussea/cours_4a/2e semestre/archi mat/counter_8bits/counter_8bits.srcs/sources_1/new/Test_Compteur.vhd:74]
INFO: [Synth 8-638] synthesizing module 'Compteur_8bits' [/home/froussea/cours_4a/2e semestre/archi mat/counter_8bits/counter_8bits.srcs/sources_1/new/Compteur_8bits.vhd:47]
INFO: [Synth 8-256] done synthesizing module 'Compteur_8bits' (0#1) [/home/froussea/cours_4a/2e semestre/archi mat/counter_8bits/counter_8bits.srcs/sources_1/new/Compteur_8bits.vhd:47]
WARNING: [Synth 8-312] ignoring unsynthesizable construct: extra waveform elements [/home/froussea/cours_4a/2e semestre/archi mat/counter_8bits/counter_8bits.srcs/sources_1/new/Test_Compteur.vhd:97]
WARNING: [Synth 8-312] ignoring unsynthesizable construct: extra waveform elements [/home/froussea/cours_4a/2e semestre/archi mat/counter_8bits/counter_8bits.srcs/sources_1/new/Test_Compteur.vhd:103]
INFO: [Synth 8-256] done synthesizing module 'Test_Compteur' (0#1) [/home/froussea/cours_4a/2e semestre/archi mat/counter_8bits/counter_8bits.srcs/sources_1/new/Test_Compteur.vhd:37]
---------------------------------------------------------------------------------
Finished RTL Elaboration : Time (s): cpu = 00:00:04 ; elapsed = 00:00:04 . Memory (MB): peak = 2072.719 ; gain = 444.738 ; free physical = 53339 ; free virtual = 57194
---------------------------------------------------------------------------------
---------------------------------------------------------------------------------
Start Handling Custom Attributes
---------------------------------------------------------------------------------
---------------------------------------------------------------------------------
Finished Handling Custom Attributes : Time (s): cpu = 00:00:04 ; elapsed = 00:00:04 . Memory (MB): peak = 2087.562 ; gain = 459.582 ; free physical = 53339 ; free virtual = 57194
---------------------------------------------------------------------------------
---------------------------------------------------------------------------------
Finished RTL Optimization Phase 1 : Time (s): cpu = 00:00:04 ; elapsed = 00:00:04 . Memory (MB): peak = 2087.562 ; gain = 459.582 ; free physical = 53339 ; free virtual = 57194
---------------------------------------------------------------------------------
Netlist sorting complete. Time (s): cpu = 00:00:00 ; elapsed = 00:00:00 . Memory (MB): peak = 2087.562 ; gain = 0.000 ; free physical = 53339 ; free virtual = 57194
INFO: [Project 1-570] Preparing netlist for logic optimization

Processing XDC Constraints
Initializing timing engine
Parsing XDC File [/home/froussea/cours_4a/2e semestre/archi mat/counter_8bits/counter_8bits.srcs/constrs_1/new/Test_Compteur.xdc]
WARNING: [Vivado 12-507] No nets matched 'CLK'. [/home/froussea/cours_4a/2e semestre/archi mat/counter_8bits/counter_8bits.srcs/constrs_1/new/Test_Compteur.xdc:11]
CRITICAL WARNING: [Common 17-55] 'set_property' expects at least one object. [/home/froussea/cours_4a/2e semestre/archi mat/counter_8bits/counter_8bits.srcs/constrs_1/new/Test_Compteur.xdc:11]
Resolution: If [get_<value>] was used to populate the object, check to make sure this command returns at least one valid object.
WARNING: [Vivado 12-584] No ports matched 'CLK'. [/home/froussea/cours_4a/2e semestre/archi mat/counter_8bits/counter_8bits.srcs/constrs_1/new/Test_Compteur.xdc:12]
CRITICAL WARNING: [Common 17-55] 'set_property' expects at least one object. [/home/froussea/cours_4a/2e semestre/archi mat/counter_8bits/counter_8bits.srcs/constrs_1/new/Test_Compteur.xdc:12]
Resolution: If [get_<value>] was used to populate the object, check to make sure this command returns at least one valid object.
WARNING: [Vivado 12-584] No ports matched 'RST'. [/home/froussea/cours_4a/2e semestre/archi mat/counter_8bits/counter_8bits.srcs/constrs_1/new/Test_Compteur.xdc:50]
CRITICAL WARNING: [Common 17-55] 'set_property' expects at least one object. [/home/froussea/cours_4a/2e semestre/archi mat/counter_8bits/counter_8bits.srcs/constrs_1/new/Test_Compteur.xdc:50]
Resolution: If [get_<value>] was used to populate the object, check to make sure this command returns at least one valid object.
WARNING: [Vivado 12-584] No ports matched 'RST'. [/home/froussea/cours_4a/2e semestre/archi mat/counter_8bits/counter_8bits.srcs/constrs_1/new/Test_Compteur.xdc:51]
CRITICAL WARNING: [Common 17-55] 'set_property' expects at least one object. [/home/froussea/cours_4a/2e semestre/archi mat/counter_8bits/counter_8bits.srcs/constrs_1/new/Test_Compteur.xdc:51]
Resolution: If [get_<value>] was used to populate the object, check to make sure this command returns at least one valid object.
WARNING: [Vivado 12-584] No ports matched 'SENS'. [/home/froussea/cours_4a/2e semestre/archi mat/counter_8bits/counter_8bits.srcs/constrs_1/new/Test_Compteur.xdc:52]
CRITICAL WARNING: [Common 17-55] 'set_property' expects at least one object. [/home/froussea/cours_4a/2e semestre/archi mat/counter_8bits/counter_8bits.srcs/constrs_1/new/Test_Compteur.xdc:52]
Resolution: If [get_<value>] was used to populate the object, check to make sure this command returns at least one valid object.
WARNING: [Vivado 12-584] No ports matched 'SENS'. [/home/froussea/cours_4a/2e semestre/archi mat/counter_8bits/counter_8bits.srcs/constrs_1/new/Test_Compteur.xdc:53]
CRITICAL WARNING: [Common 17-55] 'set_property' expects at least one object. [/home/froussea/cours_4a/2e semestre/archi mat/counter_8bits/counter_8bits.srcs/constrs_1/new/Test_Compteur.xdc:53]
Resolution: If [get_<value>] was used to populate the object, check to make sure this command returns at least one valid object.
WARNING: [Vivado 12-584] No ports matched 'EN'. [/home/froussea/cours_4a/2e semestre/archi mat/counter_8bits/counter_8bits.srcs/constrs_1/new/Test_Compteur.xdc:54]
CRITICAL WARNING: [Common 17-55] 'set_property' expects at least one object. [/home/froussea/cours_4a/2e semestre/archi mat/counter_8bits/counter_8bits.srcs/constrs_1/new/Test_Compteur.xdc:54]
Resolution: If [get_<value>] was used to populate the object, check to make sure this command returns at least one valid object.
WARNING: [Vivado 12-584] No ports matched 'EN'. [/home/froussea/cours_4a/2e semestre/archi mat/counter_8bits/counter_8bits.srcs/constrs_1/new/Test_Compteur.xdc:55]
CRITICAL WARNING: [Common 17-55] 'set_property' expects at least one object. [/home/froussea/cours_4a/2e semestre/archi mat/counter_8bits/counter_8bits.srcs/constrs_1/new/Test_Compteur.xdc:55]
Resolution: If [get_<value>] was used to populate the object, check to make sure this command returns at least one valid object.
WARNING: [Vivado 12-584] No ports matched 'LOAD'. [/home/froussea/cours_4a/2e semestre/archi mat/counter_8bits/counter_8bits.srcs/constrs_1/new/Test_Compteur.xdc:56]
CRITICAL WARNING: [Common 17-55] 'set_property' expects at least one object. [/home/froussea/cours_4a/2e semestre/archi mat/counter_8bits/counter_8bits.srcs/constrs_1/new/Test_Compteur.xdc:56]
Resolution: If [get_<value>] was used to populate the object, check to make sure this command returns at least one valid object.
WARNING: [Vivado 12-584] No ports matched 'LOAD'. [/home/froussea/cours_4a/2e semestre/archi mat/counter_8bits/counter_8bits.srcs/constrs_1/new/Test_Compteur.xdc:57]
CRITICAL WARNING: [Common 17-55] 'set_property' expects at least one object. [/home/froussea/cours_4a/2e semestre/archi mat/counter_8bits/counter_8bits.srcs/constrs_1/new/Test_Compteur.xdc:57]
Resolution: If [get_<value>] was used to populate the object, check to make sure this command returns at least one valid object.
WARNING: [Vivado 12-584] No ports matched 'Din[0]'. [/home/froussea/cours_4a/2e semestre/archi mat/counter_8bits/counter_8bits.srcs/constrs_1/new/Test_Compteur.xdc:61]
CRITICAL WARNING: [Common 17-55] 'set_property' expects at least one object. [/home/froussea/cours_4a/2e semestre/archi mat/counter_8bits/counter_8bits.srcs/constrs_1/new/Test_Compteur.xdc:61]
Resolution: If [get_<value>] was used to populate the object, check to make sure this command returns at least one valid object.
WARNING: [Vivado 12-584] No ports matched 'Din[0]'. [/home/froussea/cours_4a/2e semestre/archi mat/counter_8bits/counter_8bits.srcs/constrs_1/new/Test_Compteur.xdc:62]
CRITICAL WARNING: [Common 17-55] 'set_property' expects at least one object. [/home/froussea/cours_4a/2e semestre/archi mat/counter_8bits/counter_8bits.srcs/constrs_1/new/Test_Compteur.xdc:62]
Resolution: If [get_<value>] was used to populate the object, check to make sure this command returns at least one valid object.
WARNING: [Vivado 12-584] No ports matched 'Din[1]'. [/home/froussea/cours_4a/2e semestre/archi mat/counter_8bits/counter_8bits.srcs/constrs_1/new/Test_Compteur.xdc:63]
CRITICAL WARNING: [Common 17-55] 'set_property' expects at least one object. [/home/froussea/cours_4a/2e semestre/archi mat/counter_8bits/counter_8bits.srcs/constrs_1/new/Test_Compteur.xdc:63]
Resolution: If [get_<value>] was used to populate the object, check to make sure this command returns at least one valid object.
WARNING: [Vivado 12-584] No ports matched 'Din[1]'. [/home/froussea/cours_4a/2e semestre/archi mat/counter_8bits/counter_8bits.srcs/constrs_1/new/Test_Compteur.xdc:64]
CRITICAL WARNING: [Common 17-55] 'set_property' expects at least one object. [/home/froussea/cours_4a/2e semestre/archi mat/counter_8bits/counter_8bits.srcs/constrs_1/new/Test_Compteur.xdc:64]
Resolution: If [get_<value>] was used to populate the object, check to make sure this command returns at least one valid object.
WARNING: [Vivado 12-584] No ports matched 'Din[2]'. [/home/froussea/cours_4a/2e semestre/archi mat/counter_8bits/counter_8bits.srcs/constrs_1/new/Test_Compteur.xdc:65]
CRITICAL WARNING: [Common 17-55] 'set_property' expects at least one object. [/home/froussea/cours_4a/2e semestre/archi mat/counter_8bits/counter_8bits.srcs/constrs_1/new/Test_Compteur.xdc:65]
Resolution: If [get_<value>] was used to populate the object, check to make sure this command returns at least one valid object.
WARNING: [Vivado 12-584] No ports matched 'Din[2]'. [/home/froussea/cours_4a/2e semestre/archi mat/counter_8bits/counter_8bits.srcs/constrs_1/new/Test_Compteur.xdc:66]
CRITICAL WARNING: [Common 17-55] 'set_property' expects at least one object. [/home/froussea/cours_4a/2e semestre/archi mat/counter_8bits/counter_8bits.srcs/constrs_1/new/Test_Compteur.xdc:66]
Resolution: If [get_<value>] was used to populate the object, check to make sure this command returns at least one valid object.
WARNING: [Vivado 12-584] No ports matched 'Din[3]'. [/home/froussea/cours_4a/2e semestre/archi mat/counter_8bits/counter_8bits.srcs/constrs_1/new/Test_Compteur.xdc:67]
CRITICAL WARNING: [Common 17-55] 'set_property' expects at least one object. [/home/froussea/cours_4a/2e semestre/archi mat/counter_8bits/counter_8bits.srcs/constrs_1/new/Test_Compteur.xdc:67]
Resolution: If [get_<value>] was used to populate the object, check to make sure this command returns at least one valid object.
WARNING: [Vivado 12-584] No ports matched 'Din[3]'. [/home/froussea/cours_4a/2e semestre/archi mat/counter_8bits/counter_8bits.srcs/constrs_1/new/Test_Compteur.xdc:68]
CRITICAL WARNING: [Common 17-55] 'set_property' expects at least one object. [/home/froussea/cours_4a/2e semestre/archi mat/counter_8bits/counter_8bits.srcs/constrs_1/new/Test_Compteur.xdc:68]
Resolution: If [get_<value>] was used to populate the object, check to make sure this command returns at least one valid object.
WARNING: [Vivado 12-584] No ports matched 'Din[4]'. [/home/froussea/cours_4a/2e semestre/archi mat/counter_8bits/counter_8bits.srcs/constrs_1/new/Test_Compteur.xdc:69]
CRITICAL WARNING: [Common 17-55] 'set_property' expects at least one object. [/home/froussea/cours_4a/2e semestre/archi mat/counter_8bits/counter_8bits.srcs/constrs_1/new/Test_Compteur.xdc:69]
Resolution: If [get_<value>] was used to populate the object, check to make sure this command returns at least one valid object.
WARNING: [Vivado 12-584] No ports matched 'Din[4]'. [/home/froussea/cours_4a/2e semestre/archi mat/counter_8bits/counter_8bits.srcs/constrs_1/new/Test_Compteur.xdc:70]
CRITICAL WARNING: [Common 17-55] 'set_property' expects at least one object. [/home/froussea/cours_4a/2e semestre/archi mat/counter_8bits/counter_8bits.srcs/constrs_1/new/Test_Compteur.xdc:70]
Resolution: If [get_<value>] was used to populate the object, check to make sure this command returns at least one valid object.
WARNING: [Vivado 12-584] No ports matched 'Din[5]'. [/home/froussea/cours_4a/2e semestre/archi mat/counter_8bits/counter_8bits.srcs/constrs_1/new/Test_Compteur.xdc:71]
CRITICAL WARNING: [Common 17-55] 'set_property' expects at least one object. [/home/froussea/cours_4a/2e semestre/archi mat/counter_8bits/counter_8bits.srcs/constrs_1/new/Test_Compteur.xdc:71]
Resolution: If [get_<value>] was used to populate the object, check to make sure this command returns at least one valid object.
WARNING: [Vivado 12-584] No ports matched 'Din[5]'. [/home/froussea/cours_4a/2e semestre/archi mat/counter_8bits/counter_8bits.srcs/constrs_1/new/Test_Compteur.xdc:72]
CRITICAL WARNING: [Common 17-55] 'set_property' expects at least one object. [/home/froussea/cours_4a/2e semestre/archi mat/counter_8bits/counter_8bits.srcs/constrs_1/new/Test_Compteur.xdc:72]
Resolution: If [get_<value>] was used to populate the object, check to make sure this command returns at least one valid object.
WARNING: [Vivado 12-584] No ports matched 'Din[6]'. [/home/froussea/cours_4a/2e semestre/archi mat/counter_8bits/counter_8bits.srcs/constrs_1/new/Test_Compteur.xdc:73]
CRITICAL WARNING: [Common 17-55] 'set_property' expects at least one object. [/home/froussea/cours_4a/2e semestre/archi mat/counter_8bits/counter_8bits.srcs/constrs_1/new/Test_Compteur.xdc:73]
Resolution: If [get_<value>] was used to populate the object, check to make sure this command returns at least one valid object.
WARNING: [Vivado 12-584] No ports matched 'Din[6]'. [/home/froussea/cours_4a/2e semestre/archi mat/counter_8bits/counter_8bits.srcs/constrs_1/new/Test_Compteur.xdc:74]
CRITICAL WARNING: [Common 17-55] 'set_property' expects at least one object. [/home/froussea/cours_4a/2e semestre/archi mat/counter_8bits/counter_8bits.srcs/constrs_1/new/Test_Compteur.xdc:74]
Resolution: If [get_<value>] was used to populate the object, check to make sure this command returns at least one valid object.
WARNING: [Vivado 12-584] No ports matched 'Din[7]'. [/home/froussea/cours_4a/2e semestre/archi mat/counter_8bits/counter_8bits.srcs/constrs_1/new/Test_Compteur.xdc:75]
CRITICAL WARNING: [Common 17-55] 'set_property' expects at least one object. [/home/froussea/cours_4a/2e semestre/archi mat/counter_8bits/counter_8bits.srcs/constrs_1/new/Test_Compteur.xdc:75]
Resolution: If [get_<value>] was used to populate the object, check to make sure this command returns at least one valid object.
WARNING: [Vivado 12-584] No ports matched 'Din[7]'. [/home/froussea/cours_4a/2e semestre/archi mat/counter_8bits/counter_8bits.srcs/constrs_1/new/Test_Compteur.xdc:76]
CRITICAL WARNING: [Common 17-55] 'set_property' expects at least one object. [/home/froussea/cours_4a/2e semestre/archi mat/counter_8bits/counter_8bits.srcs/constrs_1/new/Test_Compteur.xdc:76]
Resolution: If [get_<value>] was used to populate the object, check to make sure this command returns at least one valid object.
WARNING: [Vivado 12-584] No ports matched 'Dout[0]'. [/home/froussea/cours_4a/2e semestre/archi mat/counter_8bits/counter_8bits.srcs/constrs_1/new/Test_Compteur.xdc:80]
CRITICAL WARNING: [Common 17-55] 'set_property' expects at least one object. [/home/froussea/cours_4a/2e semestre/archi mat/counter_8bits/counter_8bits.srcs/constrs_1/new/Test_Compteur.xdc:80]
Resolution: If [get_<value>] was used to populate the object, check to make sure this command returns at least one valid object.
WARNING: [Vivado 12-584] No ports matched 'Dout[0]'. [/home/froussea/cours_4a/2e semestre/archi mat/counter_8bits/counter_8bits.srcs/constrs_1/new/Test_Compteur.xdc:81]
CRITICAL WARNING: [Common 17-55] 'set_property' expects at least one object. [/home/froussea/cours_4a/2e semestre/archi mat/counter_8bits/counter_8bits.srcs/constrs_1/new/Test_Compteur.xdc:81]
Resolution: If [get_<value>] was used to populate the object, check to make sure this command returns at least one valid object.
WARNING: [Vivado 12-584] No ports matched 'Dout[1]'. [/home/froussea/cours_4a/2e semestre/archi mat/counter_8bits/counter_8bits.srcs/constrs_1/new/Test_Compteur.xdc:82]
CRITICAL WARNING: [Common 17-55] 'set_property' expects at least one object. [/home/froussea/cours_4a/2e semestre/archi mat/counter_8bits/counter_8bits.srcs/constrs_1/new/Test_Compteur.xdc:82]
Resolution: If [get_<value>] was used to populate the object, check to make sure this command returns at least one valid object.
WARNING: [Vivado 12-584] No ports matched 'Dout[1]'. [/home/froussea/cours_4a/2e semestre/archi mat/counter_8bits/counter_8bits.srcs/constrs_1/new/Test_Compteur.xdc:83]
CRITICAL WARNING: [Common 17-55] 'set_property' expects at least one object. [/home/froussea/cours_4a/2e semestre/archi mat/counter_8bits/counter_8bits.srcs/constrs_1/new/Test_Compteur.xdc:83]
Resolution: If [get_<value>] was used to populate the object, check to make sure this command returns at least one valid object.
WARNING: [Vivado 12-584] No ports matched 'Dout[2]'. [/home/froussea/cours_4a/2e semestre/archi mat/counter_8bits/counter_8bits.srcs/constrs_1/new/Test_Compteur.xdc:84]
CRITICAL WARNING: [Common 17-55] 'set_property' expects at least one object. [/home/froussea/cours_4a/2e semestre/archi mat/counter_8bits/counter_8bits.srcs/constrs_1/new/Test_Compteur.xdc:84]
Resolution: If [get_<value>] was used to populate the object, check to make sure this command returns at least one valid object.
WARNING: [Vivado 12-584] No ports matched 'Dout[2]'. [/home/froussea/cours_4a/2e semestre/archi mat/counter_8bits/counter_8bits.srcs/constrs_1/new/Test_Compteur.xdc:85]
CRITICAL WARNING: [Common 17-55] 'set_property' expects at least one object. [/home/froussea/cours_4a/2e semestre/archi mat/counter_8bits/counter_8bits.srcs/constrs_1/new/Test_Compteur.xdc:85]
Resolution: If [get_<value>] was used to populate the object, check to make sure this command returns at least one valid object.
WARNING: [Vivado 12-584] No ports matched 'Dout[3]'. [/home/froussea/cours_4a/2e semestre/archi mat/counter_8bits/counter_8bits.srcs/constrs_1/new/Test_Compteur.xdc:86]
CRITICAL WARNING: [Common 17-55] 'set_property' expects at least one object. [/home/froussea/cours_4a/2e semestre/archi mat/counter_8bits/counter_8bits.srcs/constrs_1/new/Test_Compteur.xdc:86]
Resolution: If [get_<value>] was used to populate the object, check to make sure this command returns at least one valid object.
WARNING: [Vivado 12-584] No ports matched 'Dout[3]'. [/home/froussea/cours_4a/2e semestre/archi mat/counter_8bits/counter_8bits.srcs/constrs_1/new/Test_Compteur.xdc:87]
CRITICAL WARNING: [Common 17-55] 'set_property' expects at least one object. [/home/froussea/cours_4a/2e semestre/archi mat/counter_8bits/counter_8bits.srcs/constrs_1/new/Test_Compteur.xdc:87]
Resolution: If [get_<value>] was used to populate the object, check to make sure this command returns at least one valid object.
WARNING: [Vivado 12-584] No ports matched 'Dout[4]'. [/home/froussea/cours_4a/2e semestre/archi mat/counter_8bits/counter_8bits.srcs/constrs_1/new/Test_Compteur.xdc:88]
CRITICAL WARNING: [Common 17-55] 'set_property' expects at least one object. [/home/froussea/cours_4a/2e semestre/archi mat/counter_8bits/counter_8bits.srcs/constrs_1/new/Test_Compteur.xdc:88]
Resolution: If [get_<value>] was used to populate the object, check to make sure this command returns at least one valid object.
WARNING: [Vivado 12-584] No ports matched 'Dout[4]'. [/home/froussea/cours_4a/2e semestre/archi mat/counter_8bits/counter_8bits.srcs/constrs_1/new/Test_Compteur.xdc:89]
CRITICAL WARNING: [Common 17-55] 'set_property' expects at least one object. [/home/froussea/cours_4a/2e semestre/archi mat/counter_8bits/counter_8bits.srcs/constrs_1/new/Test_Compteur.xdc:89]
Resolution: If [get_<value>] was used to populate the object, check to make sure this command returns at least one valid object.
WARNING: [Vivado 12-584] No ports matched 'Dout[5]'. [/home/froussea/cours_4a/2e semestre/archi mat/counter_8bits/counter_8bits.srcs/constrs_1/new/Test_Compteur.xdc:90]
CRITICAL WARNING: [Common 17-55] 'set_property' expects at least one object. [/home/froussea/cours_4a/2e semestre/archi mat/counter_8bits/counter_8bits.srcs/constrs_1/new/Test_Compteur.xdc:90]
Resolution: If [get_<value>] was used to populate the object, check to make sure this command returns at least one valid object.
WARNING: [Vivado 12-584] No ports matched 'Dout[5]'. [/home/froussea/cours_4a/2e semestre/archi mat/counter_8bits/counter_8bits.srcs/constrs_1/new/Test_Compteur.xdc:91]
CRITICAL WARNING: [Common 17-55] 'set_property' expects at least one object. [/home/froussea/cours_4a/2e semestre/archi mat/counter_8bits/counter_8bits.srcs/constrs_1/new/Test_Compteur.xdc:91]
Resolution: If [get_<value>] was used to populate the object, check to make sure this command returns at least one valid object.
WARNING: [Vivado 12-584] No ports matched 'Dout[6]'. [/home/froussea/cours_4a/2e semestre/archi mat/counter_8bits/counter_8bits.srcs/constrs_1/new/Test_Compteur.xdc:92]
CRITICAL WARNING: [Common 17-55] 'set_property' expects at least one object. [/home/froussea/cours_4a/2e semestre/archi mat/counter_8bits/counter_8bits.srcs/constrs_1/new/Test_Compteur.xdc:92]
Resolution: If [get_<value>] was used to populate the object, check to make sure this command returns at least one valid object.
WARNING: [Vivado 12-584] No ports matched 'Dout[6]'. [/home/froussea/cours_4a/2e semestre/archi mat/counter_8bits/counter_8bits.srcs/constrs_1/new/Test_Compteur.xdc:93]
CRITICAL WARNING: [Common 17-55] 'set_property' expects at least one object. [/home/froussea/cours_4a/2e semestre/archi mat/counter_8bits/counter_8bits.srcs/constrs_1/new/Test_Compteur.xdc:93]
Resolution: If [get_<value>] was used to populate the object, check to make sure this command returns at least one valid object.
WARNING: [Vivado 12-584] No ports matched 'Dout[7]'. [/home/froussea/cours_4a/2e semestre/archi mat/counter_8bits/counter_8bits.srcs/constrs_1/new/Test_Compteur.xdc:94]
CRITICAL WARNING: [Common 17-55] 'set_property' expects at least one object. [/home/froussea/cours_4a/2e semestre/archi mat/counter_8bits/counter_8bits.srcs/constrs_1/new/Test_Compteur.xdc:94]
Resolution: If [get_<value>] was used to populate the object, check to make sure this command returns at least one valid object.
WARNING: [Vivado 12-584] No ports matched 'Dout[7]'. [/home/froussea/cours_4a/2e semestre/archi mat/counter_8bits/counter_8bits.srcs/constrs_1/new/Test_Compteur.xdc:95]
CRITICAL WARNING: [Common 17-55] 'set_property' expects at least one object. [/home/froussea/cours_4a/2e semestre/archi mat/counter_8bits/counter_8bits.srcs/constrs_1/new/Test_Compteur.xdc:95]
Resolution: If [get_<value>] was used to populate the object, check to make sure this command returns at least one valid object.
Finished Parsing XDC File [/home/froussea/cours_4a/2e semestre/archi mat/counter_8bits/counter_8bits.srcs/constrs_1/new/Test_Compteur.xdc]
Completed Processing XDC Constraints

Netlist sorting complete. Time (s): cpu = 00:00:00 ; elapsed = 00:00:00 . Memory (MB): peak = 2195.344 ; gain = 0.000 ; free physical = 53330 ; free virtual = 57186
INFO: [Project 1-111] Unisim Transformation Summary:
No Unisim elements were transformed.

Constraint Validation Runtime : Time (s): cpu = 00:00:00 ; elapsed = 00:00:00.01 . Memory (MB): peak = 2195.344 ; gain = 0.000 ; free physical = 53330 ; free virtual = 57186
INFO: [Designutils 20-5440] No compile time benefit to using incremental synthesis; A full resynthesis will be run
INFO: [Designutils 20-4379] Flow is switching to default flow due to incremental criteria not met. If you would like to alter this behaviour and have the flow terminate instead, please set the following parameter config_implementation {autoIncr.Synth.RejectBehavior Terminate}
---------------------------------------------------------------------------------
Finished Constraint Validation : Time (s): cpu = 00:00:08 ; elapsed = 00:00:09 . Memory (MB): peak = 2195.344 ; gain = 567.363 ; free physical = 53330 ; free virtual = 57185
---------------------------------------------------------------------------------
---------------------------------------------------------------------------------
Start Loading Part and Timing Information
---------------------------------------------------------------------------------
Loading part: xc7a35tcpg236-1
---------------------------------------------------------------------------------
Finished Loading Part and Timing Information : Time (s): cpu = 00:00:08 ; elapsed = 00:00:09 . Memory (MB): peak = 2195.344 ; gain = 567.363 ; free physical = 53330 ; free virtual = 57186
---------------------------------------------------------------------------------
---------------------------------------------------------------------------------
Start Applying 'set_property' XDC Constraints
---------------------------------------------------------------------------------
---------------------------------------------------------------------------------
Finished applying 'set_property' XDC Constraints : Time (s): cpu = 00:00:08 ; elapsed = 00:00:09 . Memory (MB): peak = 2195.344 ; gain = 567.363 ; free physical = 53330 ; free virtual = 57186
---------------------------------------------------------------------------------
---------------------------------------------------------------------------------
Finished RTL Optimization Phase 2 : Time (s): cpu = 00:00:08 ; elapsed = 00:00:09 . Memory (MB): peak = 2195.344 ; gain = 567.363 ; free physical = 53328 ; free virtual = 57184
---------------------------------------------------------------------------------
---------------------------------------------------------------------------------
Start RTL Component Statistics 
---------------------------------------------------------------------------------
Detailed RTL Component Info : 
+---Adders : 
	   2 Input    8 Bit       Adders := 1     
+---Registers : 
	                8 Bit    Registers := 1     
+---Muxes : 
	   2 Input    8 Bit        Muxes := 1     
	   2 Input    2 Bit        Muxes := 1     
	   2 Input    1 Bit        Muxes := 1     
---------------------------------------------------------------------------------
Finished RTL Component Statistics 
---------------------------------------------------------------------------------
---------------------------------------------------------------------------------
Start Part Resource Summary
---------------------------------------------------------------------------------
Part Resources:
DSPs: 90 (col length:60)
BRAMs: 100 (col length: RAMB18 60 RAMB36 30)
---------------------------------------------------------------------------------
Finished Part Resource Summary
---------------------------------------------------------------------------------
---------------------------------------------------------------------------------
Start Cross Boundary and Area Optimization
---------------------------------------------------------------------------------
WARNING: [Synth 8-7080] Parallel synthesis criteria is not met
---------------------------------------------------------------------------------
Finished Cross Boundary and Area Optimization : Time (s): cpu = 00:00:09 ; elapsed = 00:00:10 . Memory (MB): peak = 2195.344 ; gain = 567.363 ; free physical = 53326 ; free virtual = 57186
---------------------------------------------------------------------------------
---------------------------------------------------------------------------------
Start Applying XDC Timing Constraints
---------------------------------------------------------------------------------
---------------------------------------------------------------------------------
Finished Applying XDC Timing Constraints : Time (s): cpu = 00:00:12 ; elapsed = 00:00:13 . Memory (MB): peak = 2195.344 ; gain = 567.363 ; free physical = 53326 ; free virtual = 57186
---------------------------------------------------------------------------------
---------------------------------------------------------------------------------
Start Timing Optimization
---------------------------------------------------------------------------------
---------------------------------------------------------------------------------
Finished Timing Optimization : Time (s): cpu = 00:00:12 ; elapsed = 00:00:13 . Memory (MB): peak = 2195.344 ; gain = 567.363 ; free physical = 53326 ; free virtual = 57186
---------------------------------------------------------------------------------
---------------------------------------------------------------------------------
Start Technology Mapping
---------------------------------------------------------------------------------
---------------------------------------------------------------------------------
Finished Technology Mapping : Time (s): cpu = 00:00:12 ; elapsed = 00:00:13 . Memory (MB): peak = 2195.344 ; gain = 567.363 ; free physical = 53326 ; free virtual = 57186
---------------------------------------------------------------------------------
---------------------------------------------------------------------------------
Start IO Insertion
---------------------------------------------------------------------------------
---------------------------------------------------------------------------------
Start Flattening Before IO Insertion
---------------------------------------------------------------------------------
---------------------------------------------------------------------------------
Finished Flattening Before IO Insertion
---------------------------------------------------------------------------------
---------------------------------------------------------------------------------
Start Final Netlist Cleanup
---------------------------------------------------------------------------------
---------------------------------------------------------------------------------
Finished Final Netlist Cleanup
---------------------------------------------------------------------------------
---------------------------------------------------------------------------------
Finished IO Insertion : Time (s): cpu = 00:00:15 ; elapsed = 00:00:16 . Memory (MB): peak = 2195.344 ; gain = 567.363 ; free physical = 53327 ; free virtual = 57186
---------------------------------------------------------------------------------
---------------------------------------------------------------------------------
Start Renaming Generated Instances
---------------------------------------------------------------------------------
---------------------------------------------------------------------------------
Finished Renaming Generated Instances : Time (s): cpu = 00:00:15 ; elapsed = 00:00:16 . Memory (MB): peak = 2195.344 ; gain = 567.363 ; free physical = 53327 ; free virtual = 57186
---------------------------------------------------------------------------------
---------------------------------------------------------------------------------
Start Rebuilding User Hierarchy
---------------------------------------------------------------------------------
---------------------------------------------------------------------------------
Finished Rebuilding User Hierarchy : Time (s): cpu = 00:00:15 ; elapsed = 00:00:16 . Memory (MB): peak = 2195.344 ; gain = 567.363 ; free physical = 53327 ; free virtual = 57186
---------------------------------------------------------------------------------
---------------------------------------------------------------------------------
Start Renaming Generated Ports
---------------------------------------------------------------------------------
---------------------------------------------------------------------------------
Finished Renaming Generated Ports : Time (s): cpu = 00:00:15 ; elapsed = 00:00:16 . Memory (MB): peak = 2195.344 ; gain = 567.363 ; free physical = 53327 ; free virtual = 57186
---------------------------------------------------------------------------------
---------------------------------------------------------------------------------
Start Handling Custom Attributes
---------------------------------------------------------------------------------
---------------------------------------------------------------------------------
Finished Handling Custom Attributes : Time (s): cpu = 00:00:15 ; elapsed = 00:00:16 . Memory (MB): peak = 2195.344 ; gain = 567.363 ; free physical = 53327 ; free virtual = 57186
---------------------------------------------------------------------------------
---------------------------------------------------------------------------------
Start Renaming Generated Nets
---------------------------------------------------------------------------------
---------------------------------------------------------------------------------
Finished Renaming Generated Nets : Time (s): cpu = 00:00:15 ; elapsed = 00:00:16 . Memory (MB): peak = 2195.344 ; gain = 567.363 ; free physical = 53327 ; free virtual = 57186
---------------------------------------------------------------------------------
---------------------------------------------------------------------------------
Start Writing Synthesis Report
---------------------------------------------------------------------------------

Report BlackBoxes: 
+-+--------------+----------+
| |BlackBox name |Instances |
+-+--------------+----------+
+-+--------------+----------+

Report Cell Usage: 
+-+-----+------+
| |Cell |Count |
+-+-----+------+
+-+-----+------+
---------------------------------------------------------------------------------
Finished Writing Synthesis Report : Time (s): cpu = 00:00:15 ; elapsed = 00:00:16 . Memory (MB): peak = 2195.344 ; gain = 567.363 ; free physical = 53327 ; free virtual = 57186
---------------------------------------------------------------------------------
Synthesis finished with 0 errors, 0 critical warnings and 1 warnings.
Synthesis Optimization Runtime : Time (s): cpu = 00:00:14 ; elapsed = 00:00:15 . Memory (MB): peak = 2195.344 ; gain = 459.582 ; free physical = 53327 ; free virtual = 57186
Synthesis Optimization Complete : Time (s): cpu = 00:00:15 ; elapsed = 00:00:16 . Memory (MB): peak = 2195.344 ; gain = 567.363 ; free physical = 53327 ; free virtual = 57186
INFO: [Project 1-571] Translating synthesized netlist
Netlist sorting complete. Time (s): cpu = 00:00:00 ; elapsed = 00:00:00 . Memory (MB): peak = 2195.344 ; gain = 0.000 ; free physical = 53327 ; free virtual = 57186
INFO: [Project 1-570] Preparing netlist for logic optimization
INFO: [Opt 31-138] Pushed 0 inverter(s) to 0 load pin(s).
Netlist sorting complete. Time (s): cpu = 00:00:00 ; elapsed = 00:00:00 . Memory (MB): peak = 2195.344 ; gain = 0.000 ; free physical = 53594 ; free virtual = 57454
INFO: [Project 1-111] Unisim Transformation Summary:
No Unisim elements were transformed.

Synth Design complete | Checksum: f28cbb
INFO: [Common 17-83] Releasing license: Synthesis
23 Infos, 45 Warnings, 42 Critical Warnings and 0 Errors encountered.
synth_design completed successfully
synth_design: Time (s): cpu = 00:00:20 ; elapsed = 00:00:22 . Memory (MB): peak = 2195.344 ; gain = 859.496 ; free physical = 53594 ; free virtual = 57454
INFO: [Common 17-2834] synth_design peak Physical Memory [PSS] (MB): overall = 1750.724; main = 1417.950; forked = 381.518
INFO: [Common 17-2834] synth_design peak Virtual Memory [VSS] (MB): overall = 3141.277; main = 2163.332; forked = 977.945
INFO: [runtcl-6] Synthesis results are not added to the cache due to CRITICAL_WARNING
INFO: [Common 17-1381] The checkpoint '/home/froussea/cours_4a/2e semestre/archi mat/counter_8bits/counter_8bits.runs/synth_1/Test_Compteur.dcp' has been generated.
INFO: [runtcl-4] Executing : report_utilization -file Test_Compteur_utilization_synth.rpt -pb Test_Compteur_utilization_synth.pb
INFO: [Common 17-206] Exiting Vivado at Thu Mar 13 09:31:35 2025...
